#
# There is insufficient memory for the Java Runtime Environment to continue.
# Native memory allocation (mmap) failed to map 65536 bytes for Failed to commit metaspace.
# Possible reasons:
#   The system is out of physical RAM or swap space
#   The process is running with CompressedOops enabled, and the Java Heap may be blocking the growth of the native heap
# Possible solutions:
#   Reduce memory load on the system
#   Increase physical memory or swap space
#   Check if swap backing store is full
#   Decrease Java heap size (-Xmx/-Xms)
#   Decrease number of Java threads
#   Decrease Java thread stack sizes (-Xss)
#   Set larger code cache with -XX:ReservedCodeCacheSize=
#   JVM is running with Unscaled Compressed Oops mode in which the Java heap is
#     placed in the first 4GB address space. The Java Heap base address is the
#     maximum limit for the native heap growth. Please use -XX:HeapBaseMinAddress
#     to set the Java Heap base and to place the Java Heap above 4GB virtual address.
# This output file may be truncated or incomplete.
#
#  Out of Memory Error (virtualSpaceNode.cpp:110), pid=9800, tid=7592
#
# JRE version: OpenJDK Runtime Environment JBR-17.0.7+10-829.16-jcef (17.0.7+10) (build 17.0.7+10-b829.16)
# Java VM: OpenJDK 64-Bit Server VM JBR-17.0.7+10-829.16-jcef (17.0.7+10-b829.16, mixed mode, tiered, compressed oops, compressed class ptrs, g1 gc, windows-amd64)
# No core dump will be written. Minidumps are not enabled by default on client versions of Windows
#

---------------  S U M M A R Y ------------

Command Line: git4idea.http.GitAskPassApp Username for 'https://github.com': 

Host: Intel(R) Pentium(R) CPU G630 @ 2.70GHz, 2 cores, 3G,  Windows 10 , 64 bit Build 19041 (10.0.19041.3393)
Time: Tue Oct 10 17:53:51 2023 RTZ 2 (s 10 , 64 bit Build 19041 (10.0.19041.3393) elapsed time: 0.165230 seconds (0d 0h 0m 0s)

---------------  T H R E A D  ---------------

Current thread (0x0000020ee0b7c000):  JavaThread "main" [_thread_in_vm, id=7592, stack(0x000000af0f700000,0x000000af0f800000)]

Stack: [0x000000af0f700000,0x000000af0f800000]
Native frames: (J=compiled Java code, j=interpreted, Vv=VM code, C=native code)
V  [jvm.dll+0x683cca]
V  [jvm.dll+0x8424b4]
V  [jvm.dll+0x843cae]
V  [jvm.dll+0x844313]
V  [jvm.dll+0x24ad2f]
V  [jvm.dll+0x83e50b]
V  [jvm.dll+0x628316]
V  [jvm.dll+0x62837a]
V  [jvm.dll+0x62ab9a]
V  [jvm.dll+0x628cb6]
V  [jvm.dll+0x240030]
V  [jvm.dll+0x1ef45d]
V  [jvm.dll+0x1e4e1c]
V  [jvm.dll+0x54a30d]
V  [jvm.dll+0x1f573b]
V  [jvm.dll+0x7bcc1b]
V  [jvm.dll+0x7be062]
V  [jvm.dll+0x7be398]
V  [jvm.dll+0x2429be]
V  [jvm.dll+0x242c0f]
V  [jvm.dll+0x568238]
V  [jvm.dll+0x56b177]
V  [jvm.dll+0x38a0f4]
V  [jvm.dll+0x38975f]
C  0x0000020eeb84a096

Java frames: (J=compiled Java code, j=interpreted, Vv=VM code)
j  java.util.zip.ZipFile$Source.get(Ljava/io/File;ZLjava/util/zip/ZipCoder;)Ljava/util/zip/ZipFile$Source;+25 java.base@17.0.7
j  java.util.zip.ZipFile$CleanableResource.<init>(Ljava/util/zip/ZipFile;Ljava/util/zip/ZipCoder;Ljava/io/File;I)V+56 java.base@17.0.7
j  java.util.zip.ZipFile.<init>(Ljava/io/File;ILjava/nio/charset/Charset;)V+123 java.base@17.0.7
j  java.util.zip.ZipFile.<init>(Ljava/io/File;I)V+6 java.base@17.0.7
j  java.util.jar.JarFile.<init>(Ljava/io/File;ZILjava/lang/Runtime$Version;)V+3 java.base@17.0.7
j  jdk.internal.loader.URLClassPath$JarLoader.getJarFile(Ljava/net/URL;)Ljava/util/jar/JarFile;+56 java.base@17.0.7
j  jdk.internal.loader.URLClassPath$JarLoader$1.run()Ljava/lang/Void;+55 java.base@17.0.7
j  jdk.internal.loader.URLClassPath$JarLoader$1.run()Ljava/lang/Object;+1 java.base@17.0.7
j  java.security.AccessController.executePrivileged(Ljava/security/PrivilegedExceptionAction;Ljava/security/AccessControlContext;Ljava/lang/Class;)Ljava/lang/Object;+29 java.base@17.0.7
j  java.security.AccessController.doPrivileged(Ljava/security/PrivilegedExceptionAction;Ljava/security/AccessControlContext;)Ljava/lang/Object;+13 java.base@17.0.7
j  jdk.internal.loader.URLClassPath$JarLoader.ensureOpen()V+19 java.base@17.0.7
j  jdk.internal.loader.URLClassPath$JarLoader.<init>(Ljava/net/URL;Ljava/net/URLStreamHandler;Ljava/util/HashMap;Ljava/security/AccessControlContext;)V+63 java.base@17.0.7
j  jdk.internal.loader.URLClassPath$3.run()Ljdk/internal/loader/URLClassPath$Loader;+168 java.base@17.0.7
j  jdk.internal.loader.URLClassPath$3.run()Ljava/lang/Object;+1 java.base@17.0.7
j  java.security.AccessController.executePrivileged(Ljava/security/PrivilegedExceptionAction;Ljava/security/AccessControlContext;Ljava/lang/Class;)Ljava/lang/Object;+29 java.base@17.0.7
j  java.security.AccessController.doPrivileged(Ljava/security/PrivilegedExceptionAction;Ljava/security/AccessControlContext;)Ljava/lang/Object;+13 java.base@17.0.7
j  jdk.internal.loader.URLClassPath.getLoader(Ljava/net/URL;)Ljdk/internal/loader/URLClassPath$Loader;+13 java.base@17.0.7
j  jdk.internal.loader.URLClassPath.getLoader(I)Ljdk/internal/loader/URLClassPath$Loader;+81 java.base@17.0.7
j  jdk.internal.loader.URLClassPath.getResource(Ljava/lang/String;Z)Ljdk/internal/loader/Resource;+42 java.base@17.0.7
j  jdk.internal.loader.BuiltinClassLoader.findClassOnClassPathOrNull(Ljava/lang/String;)Ljava/lang/Class;+26 java.base@17.0.7
j  jdk.internal.loader.BuiltinClassLoader.loadClassOrNull(Ljava/lang/String;Z)Ljava/lang/Class;+111 java.base@17.0.7
j  jdk.internal.loader.BuiltinClassLoader.loadClass(Ljava/lang/String;Z)Ljava/lang/Class;+3 java.base@17.0.7
j  jdk.internal.loader.ClassLoaders$AppClassLoader.loadClass(Ljava/lang/String;Z)Ljava/lang/Class;+36 java.base@17.0.7
j  java.lang.ClassLoader.loadClass(Ljava/lang/String;)Ljava/lang/Class;+3 java.base@17.0.7
v  ~StubRoutines::call_stub
j  java.lang.Class.forName0(Ljava/lang/String;ZLjava/lang/ClassLoader;Ljava/lang/Class;)Ljava/lang/Class;+0 java.base@17.0.7
j  java.lang.Class.forName(Ljava/lang/String;ZLjava/lang/ClassLoader;)Ljava/lang/Class;+43 java.base@17.0.7
j  sun.launcher.LauncherHelper.loadMainClass(ILjava/lang/String;)Ljava/lang/Class;+95 java.base@17.0.7
j  sun.launcher.LauncherHelper.checkAndLoadMain(ZILjava/lang/String;)Ljava/lang/Class;+42 java.base@17.0.7
v  ~StubRoutines::call_stub

---------------  P R O C E S S  ---------------

Threads class SMR info:
_java_thread_list=0x0000020ef7ab6760, length=12, elements={
0x0000020ee0b7c000, 0x0000020ef77ff260, 0x0000020ef7802000, 0x0000020ef77eb4a0,
0x0000020ef780ff90, 0x0000020ef7812470, 0x0000020ef7813950, 0x0000020ef7814150,
0x0000020ef7814710, 0x0000020ef783e750, 0x0000020ef7ab5620, 0x0000020ef7ace540
}

Java Threads: ( => current thread )
=>0x0000020ee0b7c000 JavaThread "main" [_thread_in_vm, id=7592, stack(0x000000af0f700000,0x000000af0f800000)]
  0x0000020ef77ff260 JavaThread "Reference Handler" daemon [_thread_blocked, id=624, stack(0x000000af0fe00000,0x000000af0ff00000)]
  0x0000020ef7802000 JavaThread "Finalizer" daemon [_thread_blocked, id=9628, stack(0x000000af0ff00000,0x000000af10000000)]
  0x0000020ef77eb4a0 JavaThread "Signal Dispatcher" daemon [_thread_blocked, id=3528, stack(0x000000af10000000,0x000000af10100000)]
  0x0000020ef780ff90 JavaThread "Attach Listener" daemon [_thread_blocked, id=5408, stack(0x000000af10100000,0x000000af10200000)]
  0x0000020ef7812470 JavaThread "Service Thread" daemon [_thread_blocked, id=9300, stack(0x000000af10200000,0x000000af10300000)]
  0x0000020ef7813950 JavaThread "Monitor Deflation Thread" daemon [_thread_blocked, id=6512, stack(0x000000af10300000,0x000000af10400000)]
  0x0000020ef7814150 JavaThread "C2 CompilerThread0" daemon [_thread_blocked, id=6104, stack(0x000000af10400000,0x000000af10500000)]
  0x0000020ef7814710 JavaThread "C1 CompilerThread0" daemon [_thread_blocked, id=3816, stack(0x000000af10500000,0x000000af10600000)]
  0x0000020ef783e750 JavaThread "Sweeper thread" daemon [_thread_blocked, id=8320, stack(0x000000af10600000,0x000000af10700000)]
  0x0000020ef7ab5620 JavaThread "Notification Thread" daemon [_thread_blocked, id=3704, stack(0x000000af10700000,0x000000af10800000)]
  0x0000020ef7ace540 JavaThread "Common-Cleaner" daemon [_thread_blocked, id=8132, stack(0x000000af10900000,0x000000af10a00000)]

Other Threads:
  0x0000020ee0c4cfa0 VMThread "VM Thread" [stack: 0x000000af0fd00000,0x000000af0fe00000] [id=216]
  0x0000020ef79f1b90 WatcherThread [stack: 0x000000af10800000,0x000000af10900000] [id=3904]
  0x0000020ee0bb7e20 GCTaskThread "GC Thread#0" [stack: 0x000000af0f800000,0x000000af0f900000] [id=9560]
  0x0000020ee0bc2210 ConcurrentGCThread "G1 Main Marker" [stack: 0x000000af0f900000,0x000000af0fa00000] [id=5752]
  0x0000020ee0bc3ae0 ConcurrentGCThread "G1 Conc#0" [stack: 0x000000af0fa00000,0x000000af0fb00000] [id=5416]
  0x0000020ee0c0b8a0 ConcurrentGCThread "G1 Refine#0" [stack: 0x000000af0fb00000,0x000000af0fc00000] [id=4016]
  0x0000020ee0c0ddf0 ConcurrentGCThread "G1 Service" [stack: 0x000000af0fc00000,0x000000af0fd00000] [id=8748]

Threads with active compile tasks:

VM state: not at safepoint (normal execution)

VM Mutex/Monitor currently owned by a thread:  ([mutex/lock_event])
[0x0000020ede8e3140] Metaspace_lock - owner thread: 0x0000020ee0b7c000

Heap address: 0x00000000c1400000, size: 1004 MB, Compressed Oops mode: 32-bit

CDS archive(s) not mapped
Compressed class space mapped at: 0x0000000100000000-0x0000000140000000, reserved size: 1073741824
Narrow klass base: 0x0000000000000000, Narrow klass shift: 3, Narrow klass range: 0x140000000

GC Precious Log:
 CPUs: 2 total, 2 available
 Memory: 4013M
 Large Page Support: Disabled
 NUMA Support: Disabled
 Compressed Oops: Enabled (32-bit)
 Heap Region Size: 1M
 Heap Min Capacity: 8M
 Heap Initial Capacity: 64M
 Heap Max Capacity: 1004M
 Pre-touch: Disabled
 Parallel Workers: 2
 Concurrent Workers: 1
 Concurrent Refinement Workers: 2
 Periodic GC: Disabled

Heap:
 garbage-first heap   total 65536K, used 0K [0x00000000c1400000, 0x0000000100000000)
  region size 1024K, 1 young (1024K), 0 survivors (0K)
 Metaspace       used 4177K, committed 4224K, reserved 1114112K
  class space    used 346K, committed 384K, reserved 1048576K

Heap Regions: E=young(eden), S=young(survivor), O=old, HS=humongous(starts), HC=humongous(continues), CS=collection set, F=free, OA=open archive, CA=closed archive, TAMS=top-at-mark-start (previous, next)
|   0|0x00000000c1400000, 0x00000000c1400000, 0x00000000c1500000|  0%| F|  |TAMS 0x00000000c1400000, 0x00000000c1400000| Untracked 
|   1|0x00000000c1500000, 0x00000000c1500000, 0x00000000c1600000|  0%| F|  |TAMS 0x00000000c1500000, 0x00000000c1500000| Untracked 
|   2|0x00000000c1600000, 0x00000000c1600000, 0x00000000c1700000|  0%| F|  |TAMS 0x00000000c1600000, 0x00000000c1600000| Untracked 
|   3|0x00000000c1700000, 0x00000000c1700000, 0x00000000c1800000|  0%| F|  |TAMS 0x00000000c1700000, 0x00000000c1700000| Untracked 
|   4|0x00000000c1800000, 0x00000000c1800000, 0x00000000c1900000|  0%| F|  |TAMS 0x00000000c1800000, 0x00000000c1800000| Untracked 
|   5|0x00000000c1900000, 0x00000000c1900000, 0x00000000c1a00000|  0%| F|  |TAMS 0x00000000c1900000, 0x00000000c1900000| Untracked 
|   6|0x00000000c1a00000, 0x00000000c1a00000, 0x00000000c1b00000|  0%| F|  |TAMS 0x00000000c1a00000, 0x00000000c1a00000| Untracked 
|   7|0x00000000c1b00000, 0x00000000c1b00000, 0x00000000c1c00000|  0%| F|  |TAMS 0x00000000c1b00000, 0x00000000c1b00000| Untracked 
|   8|0x00000000c1c00000, 0x00000000c1c00000, 0x00000000c1d00000|  0%| F|  |TAMS 0x00000000c1c00000, 0x00000000c1c00000| Untracked 
|   9|0x00000000c1d00000, 0x00000000c1d00000, 0x00000000c1e00000|  0%| F|  |TAMS 0x00000000c1d00000, 0x00000000c1d00000| Untracked 
|  10|0x00000000c1e00000, 0x00000000c1e00000, 0x00000000c1f00000|  0%| F|  |TAMS 0x00000000c1e00000, 0x00000000c1e00000| Untracked 
|  11|0x00000000c1f00000, 0x00000000c1f00000, 0x00000000c2000000|  0%| F|  |TAMS 0x00000000c1f00000, 0x00000000c1f00000| Untracked 
|  12|0x00000000c2000000, 0x00000000c2000000, 0x00000000c2100000|  0%| F|  |TAMS 0x00000000c2000000, 0x00000000c2000000| Untracked 
|  13|0x00000000c2100000, 0x00000000c2100000, 0x00000000c2200000|  0%| F|  |TAMS 0x00000000c2100000, 0x00000000c2100000| Untracked 
|  14|0x00000000c2200000, 0x00000000c2200000, 0x00000000c2300000|  0%| F|  |TAMS 0x00000000c2200000, 0x00000000c2200000| Untracked 
|  15|0x00000000c2300000, 0x00000000c2300000, 0x00000000c2400000|  0%| F|  |TAMS 0x00000000c2300000, 0x00000000c2300000| Untracked 
|  16|0x00000000c2400000, 0x00000000c2400000, 0x00000000c2500000|  0%| F|  |TAMS 0x00000000c2400000, 0x00000000c2400000| Untracked 
|  17|0x00000000c2500000, 0x00000000c2500000, 0x00000000c2600000|  0%| F|  |TAMS 0x00000000c2500000, 0x00000000c2500000| Untracked 
|  18|0x00000000c2600000, 0x00000000c2600000, 0x00000000c2700000|  0%| F|  |TAMS 0x00000000c2600000, 0x00000000c2600000| Untracked 
|  19|0x00000000c2700000, 0x00000000c2700000, 0x00000000c2800000|  0%| F|  |TAMS 0x00000000c2700000, 0x00000000c2700000| Untracked 
|  20|0x00000000c2800000, 0x00000000c2800000, 0x00000000c2900000|  0%| F|  |TAMS 0x00000000c2800000, 0x00000000c2800000| Untracked 
|  21|0x00000000c2900000, 0x00000000c2900000, 0x00000000c2a00000|  0%| F|  |TAMS 0x00000000c2900000, 0x00000000c2900000| Untracked 
|  22|0x00000000c2a00000, 0x00000000c2a00000, 0x00000000c2b00000|  0%| F|  |TAMS 0x00000000c2a00000, 0x00000000c2a00000| Untracked 
|  23|0x00000000c2b00000, 0x00000000c2b00000, 0x00000000c2c00000|  0%| F|  |TAMS 0x00000000c2b00000, 0x00000000c2b00000| Untracked 
|  24|0x00000000c2c00000, 0x00000000c2c00000, 0x00000000c2d00000|  0%| F|  |TAMS 0x00000000c2c00000, 0x00000000c2c00000| Untracked 
|  25|0x00000000c2d00000, 0x00000000c2d00000, 0x00000000c2e00000|  0%| F|  |TAMS 0x00000000c2d00000, 0x00000000c2d00000| Untracked 
|  26|0x00000000c2e00000, 0x00000000c2e00000, 0x00000000c2f00000|  0%| F|  |TAMS 0x00000000c2e00000, 0x00000000c2e00000| Untracked 
|  27|0x00000000c2f00000, 0x00000000c2f00000, 0x00000000c3000000|  0%| F|  |TAMS 0x00000000c2f00000, 0x00000000c2f00000| Untracked 
|  28|0x00000000c3000000, 0x00000000c3000000, 0x00000000c3100000|  0%| F|  |TAMS 0x00000000c3000000, 0x00000000c3000000| Untracked 
|  29|0x00000000c3100000, 0x00000000c3100000, 0x00000000c3200000|  0%| F|  |TAMS 0x00000000c3100000, 0x00000000c3100000| Untracked 
|  30|0x00000000c3200000, 0x00000000c3200000, 0x00000000c3300000|  0%| F|  |TAMS 0x00000000c3200000, 0x00000000c3200000| Untracked 
|  31|0x00000000c3300000, 0x00000000c3300000, 0x00000000c3400000|  0%| F|  |TAMS 0x00000000c3300000, 0x00000000c3300000| Untracked 
|  32|0x00000000c3400000, 0x00000000c3400000, 0x00000000c3500000|  0%| F|  |TAMS 0x00000000c3400000, 0x00000000c3400000| Untracked 
|  33|0x00000000c3500000, 0x00000000c3500000, 0x00000000c3600000|  0%| F|  |TAMS 0x00000000c3500000, 0x00000000c3500000| Untracked 
|  34|0x00000000c3600000, 0x00000000c3600000, 0x00000000c3700000|  0%| F|  |TAMS 0x00000000c3600000, 0x00000000c3600000| Untracked 
|  35|0x00000000c3700000, 0x00000000c3700000, 0x00000000c3800000|  0%| F|  |TAMS 0x00000000c3700000, 0x00000000c3700000| Untracked 
|  36|0x00000000c3800000, 0x00000000c3800000, 0x00000000c3900000|  0%| F|  |TAMS 0x00000000c3800000, 0x00000000c3800000| Untracked 
|  37|0x00000000c3900000, 0x00000000c3900000, 0x00000000c3a00000|  0%| F|  |TAMS 0x00000000c3900000, 0x00000000c3900000| Untracked 
|  38|0x00000000c3a00000, 0x00000000c3a00000, 0x00000000c3b00000|  0%| F|  |TAMS 0x00000000c3a00000, 0x00000000c3a00000| Untracked 
|  39|0x00000000c3b00000, 0x00000000c3b00000, 0x00000000c3c00000|  0%| F|  |TAMS 0x00000000c3b00000, 0x00000000c3b00000| Untracked 
|  40|0x00000000c3c00000, 0x00000000c3c00000, 0x00000000c3d00000|  0%| F|  |TAMS 0x00000000c3c00000, 0x00000000c3c00000| Untracked 
|  41|0x00000000c3d00000, 0x00000000c3d00000, 0x00000000c3e00000|  0%| F|  |TAMS 0x00000000c3d00000, 0x00000000c3d00000| Untracked 
|  42|0x00000000c3e00000, 0x00000000c3e00000, 0x00000000c3f00000|  0%| F|  |TAMS 0x00000000c3e00000, 0x00000000c3e00000| Untracked 
|  43|0x00000000c3f00000, 0x00000000c3f00000, 0x00000000c4000000|  0%| F|  |TAMS 0x00000000c3f00000, 0x00000000c3f00000| Untracked 
|  44|0x00000000c4000000, 0x00000000c4000000, 0x00000000c4100000|  0%| F|  |TAMS 0x00000000c4000000, 0x00000000c4000000| Untracked 
|  45|0x00000000c4100000, 0x00000000c4100000, 0x00000000c4200000|  0%| F|  |TAMS 0x00000000c4100000, 0x00000000c4100000| Untracked 
|  46|0x00000000c4200000, 0x00000000c4200000, 0x00000000c4300000|  0%| F|  |TAMS 0x00000000c4200000, 0x00000000c4200000| Untracked 
|  47|0x00000000c4300000, 0x00000000c4300000, 0x00000000c4400000|  0%| F|  |TAMS 0x00000000c4300000, 0x00000000c4300000| Untracked 
|  48|0x00000000c4400000, 0x00000000c4400000, 0x00000000c4500000|  0%| F|  |TAMS 0x00000000c4400000, 0x00000000c4400000| Untracked 
|  49|0x00000000c4500000, 0x00000000c4500000, 0x00000000c4600000|  0%| F|  |TAMS 0x00000000c4500000, 0x00000000c4500000| Untracked 
|  50|0x00000000c4600000, 0x00000000c4600000, 0x00000000c4700000|  0%| F|  |TAMS 0x00000000c4600000, 0x00000000c4600000| Untracked 
|  51|0x00000000c4700000, 0x00000000c4700000, 0x00000000c4800000|  0%| F|  |TAMS 0x00000000c4700000, 0x00000000c4700000| Untracked 
|  52|0x00000000c4800000, 0x00000000c4800000, 0x00000000c4900000|  0%| F|  |TAMS 0x00000000c4800000, 0x00000000c4800000| Untracked 
|  53|0x00000000c4900000, 0x00000000c4900000, 0x00000000c4a00000|  0%| F|  |TAMS 0x00000000c4900000, 0x00000000c4900000| Untracked 
|  54|0x00000000c4a00000, 0x00000000c4a00000, 0x00000000c4b00000|  0%| F|  |TAMS 0x00000000c4a00000, 0x00000000c4a00000| Untracked 
|  55|0x00000000c4b00000, 0x00000000c4b00000, 0x00000000c4c00000|  0%| F|  |TAMS 0x00000000c4b00000, 0x00000000c4b00000| Untracked 
|  56|0x00000000c4c00000, 0x00000000c4c00000, 0x00000000c4d00000|  0%| F|  |TAMS 0x00000000c4c00000, 0x00000000c4c00000| Untracked 
|  57|0x00000000c4d00000, 0x00000000c4d00000, 0x00000000c4e00000|  0%| F|  |TAMS 0x00000000c4d00000, 0x00000000c4d00000| Untracked 
|  58|0x00000000c4e00000, 0x00000000c4e00000, 0x00000000c4f00000|  0%| F|  |TAMS 0x00000000c4e00000, 0x00000000c4e00000| Untracked 
|  59|0x00000000c4f00000, 0x00000000c4f00000, 0x00000000c5000000|  0%| F|  |TAMS 0x00000000c4f00000, 0x00000000c4f00000| Untracked 
|  60|0x00000000c5000000, 0x00000000c5000000, 0x00000000c5100000|  0%| F|  |TAMS 0x00000000c5000000, 0x00000000c5000000| Untracked 
|  61|0x00000000c5100000, 0x00000000c5100000, 0x00000000c5200000|  0%| F|  |TAMS 0x00000000c5100000, 0x00000000c5100000| Untracked 
|  62|0x00000000c5200000, 0x00000000c5200000, 0x00000000c5300000|  0%| F|  |TAMS 0x00000000c5200000, 0x00000000c5200000| Untracked 
|  63|0x00000000c5300000, 0x00000000c53d76e0, 0x00000000c5400000| 84%| E|  |TAMS 0x00000000c5300000, 0x00000000c5300000| Complete 

Card table byte_map: [0x0000020ee0950000,0x0000020ee0b50000] _byte_map_base: 0x0000020ee0346000

Marking Bits (Prev, Next): (CMBitMap*) 0x0000020ee0bb9350, (CMBitMap*) 0x0000020ee0bb9390
 Prev Bits: [0x0000020ef3500000, 0x0000020ef44b0000)
 Next Bits: [0x0000020ef44b0000, 0x0000020ef5460000)

Polling page: 0x0000020edeaf0000

Metaspace:

Usage:
  Non-class:      3.74 MB used.
      Class:    346.60 KB used.
       Both:      4.08 MB used.

Virtual space:
  Non-class space:       64.00 MB reserved,       3.75 MB (  6%) committed,  1 nodes.
      Class space:        1.00 GB reserved,     384.00 KB ( <1%) committed,  1 nodes.
             Both:        1.06 GB reserved,       4.12 MB ( <1%) committed. 

Chunk freelists:
   Non-Class:  12.00 MB
       Class:  15.62 MB
        Both:  27.62 MB

MaxMetaspaceSize: unlimited
CompressedClassSpaceSize: 1.00 GB
Initial GC threshold: 21.00 MB
Current GC threshold: 21.00 MB
CDS: off
MetaspaceReclaimPolicy: balanced
 - commit_granule_bytes: 65536.
 - commit_granule_words: 8192.
 - virtual_space_node_default_size: 8388608.
 - enlarge_chunks_in_place: 1.
 - new_chunks_are_fully_committed: 0.
 - uncommit_free_chunks: 1.
 - use_allocation_guard: 0.
 - handle_deallocations: 1.


Internal statistics:

num_allocs_failed_limit: 0.
num_arena_births: 2.
num_arena_deaths: 0.
num_vsnodes_births: 2.
num_vsnodes_deaths: 0.
num_space_committed: 66.
num_space_uncommitted: 0.
num_chunks_returned_to_freelist: 0.
num_chunks_taken_from_freelist: 4.
num_chunk_merges: 0.
num_chunk_splits: 2.
num_chunks_enlarged: 0.
num_inconsistent_stats: 0.

CodeHeap 'non-profiled nmethods': size=120064Kb used=13Kb max_used=13Kb free=120051Kb
 bounds [0x0000020eebdc0000, 0x0000020eec030000, 0x0000020ef3300000]
CodeHeap 'profiled nmethods': size=120000Kb used=89Kb max_used=89Kb free=119910Kb
 bounds [0x0000020ee4300000, 0x0000020ee4570000, 0x0000020eeb830000]
CodeHeap 'non-nmethods': size=5696Kb used=1030Kb max_used=1035Kb free=4665Kb
 bounds [0x0000020eeb830000, 0x0000020eebaa0000, 0x0000020eebdc0000]
 total_blobs=355 nmethods=69 adapters=200
 compilation: enabled
              stopped_count=0, restarted_count=0
 full_count=0

Compilation events (20 events):
Event: 0.144 Thread 0x0000020ef7814710   60       3       java.util.ImmutableCollections$SetN::isEmpty (13 bytes)
Event: 0.144 Thread 0x0000020ef7814710 nmethod 60 0x0000020ee4313910 code [0x0000020ee4313aa0, 0x0000020ee4313c18]
Event: 0.145 Thread 0x0000020ef7814710   61       3       java.util.ImmutableCollections$Set12::iterator (9 bytes)
Event: 0.145 Thread 0x0000020ef7814710 nmethod 61 0x0000020ee4313c90 code [0x0000020ee4313e40, 0x0000020ee4314118]
Event: 0.145 Thread 0x0000020ef7814710   62       3       java.util.ImmutableCollections$Set12$1::<init> (32 bytes)
Event: 0.146 Thread 0x0000020ef7814710 nmethod 62 0x0000020ee4314210 code [0x0000020ee43143c0, 0x0000020ee43145f8]
Event: 0.146 Thread 0x0000020ef7814710   63       1       java.util.ImmutableCollections$Set12::isEmpty (2 bytes)
Event: 0.146 Thread 0x0000020ef7814710 nmethod 63 0x0000020eebdc3110 code [0x0000020eebdc32a0, 0x0000020eebdc3378]
Event: 0.154 Thread 0x0000020ef7814710   64       3       java.lang.AbstractStringBuilder::ensureCapacityInternal (39 bytes)
Event: 0.154 Thread 0x0000020ef7814710 nmethod 64 0x0000020ee4314710 code [0x0000020ee43148c0, 0x0000020ee4314af8]
Event: 0.154 Thread 0x0000020ef7814710   65       3       java.lang.StringBuilder::append (8 bytes)
Event: 0.154 Thread 0x0000020ef7814710 nmethod 65 0x0000020ee4314c10 code [0x0000020ee4314da0, 0x0000020ee4314ee8]
Event: 0.154 Thread 0x0000020ef7814710   66       3       java.lang.AbstractStringBuilder::append (77 bytes)
Event: 0.155 Thread 0x0000020ef7814710 nmethod 66 0x0000020ee4314f90 code [0x0000020ee43151a0, 0x0000020ee4315828]
Event: 0.155 Thread 0x0000020ef7814710   67       3       java.lang.StringLatin1::canEncode (13 bytes)
Event: 0.155 Thread 0x0000020ef7814710 nmethod 67 0x0000020ee4315a90 code [0x0000020ee4315c20, 0x0000020ee4315d78]
Event: 0.155 Thread 0x0000020ef7814710   68       3       java.lang.AbstractStringBuilder::isLatin1 (19 bytes)
Event: 0.155 Thread 0x0000020ef7814710 nmethod 68 0x0000020ee4315e10 code [0x0000020ee4315fa0, 0x0000020ee4316118]
Event: 0.160 Thread 0x0000020ef7814710   69       3       java.lang.StringLatin1::indexOfChar (33 bytes)
Event: 0.161 Thread 0x0000020ef7814710 nmethod 69 0x0000020ee4316190 code [0x0000020ee4316340, 0x0000020ee4316578]

GC Heap History (0 events):
No events

Dll operation events (1 events):
Event: 0.012 Loaded shared library C:\Program Files\JetBrains\JetBrains Rider 2023.1.3\jbr\bin\java.dll

Deoptimization events (0 events):
No events

Classes unloaded (0 events):
No events

Classes redefined (0 events):
No events

Internal exceptions (0 events):
No events

VM Operations (0 events):
No events

Events (20 events):
Event: 0.159 loading class sun/nio/fs/WindowsPathParser done
Event: 0.159 loading class sun/nio/fs/WindowsPathType
Event: 0.159 loading class sun/nio/fs/WindowsPathType done
Event: 0.159 loading class sun/nio/fs/WindowsPathParser$Result
Event: 0.159 loading class sun/nio/fs/WindowsPathParser$Result done
Event: 0.160 loading class java/util/zip/ZipFile$Source$Key
Event: 0.160 loading class java/util/zip/ZipFile$Source$Key done
Event: 0.160 loading class sun/nio/fs/WindowsPath
Event: 0.160 loading class java/nio/file/Path
Event: 0.160 loading class java/nio/file/Watchable
Event: 0.160 loading class java/nio/file/Watchable done
Event: 0.160 loading class java/nio/file/Path done
Event: 0.160 loading class sun/nio/fs/WindowsPath done
Event: 0.160 loading class java/nio/file/attribute/BasicFileAttributes
Event: 0.160 loading class java/nio/file/attribute/BasicFileAttributes done
Event: 0.160 loading class java/nio/file/LinkOption
Event: 0.160 loading class java/nio/file/CopyOption
Event: 0.161 loading class java/nio/file/CopyOption done
Event: 0.161 loading class java/nio/file/LinkOption done
Event: 0.161 loading class java/nio/file/Files


Dynamic libraries:
0x00007ff70b3a0000 - 0x00007ff70b3aa000 	C:\Program Files\JetBrains\JetBrains Rider 2023.1.3\jbr\bin\java.exe
0x00007ff867790000 - 0x00007ff867988000 	C:\Windows\SYSTEM32\ntdll.dll
0x00007ff8668f0000 - 0x00007ff8669ad000 	C:\Windows\System32\KERNEL32.DLL
0x00007ff864e70000 - 0x00007ff865166000 	C:\Windows\System32\KERNELBASE.dll
0x00007ff8656a0000 - 0x00007ff8657a0000 	C:\Windows\System32\ucrtbase.dll
0x00007ff85d8b0000 - 0x00007ff85d8c7000 	C:\Program Files\JetBrains\JetBrains Rider 2023.1.3\jbr\bin\jli.dll
0x00007ff8675b0000 - 0x00007ff86774e000 	C:\Windows\System32\USER32.dll
0x00007ff865510000 - 0x00007ff865532000 	C:\Windows\System32\win32u.dll
0x00007ff8669b0000 - 0x00007ff8669dc000 	C:\Windows\System32\GDI32.dll
0x00007ff865170000 - 0x00007ff86528a000 	C:\Windows\System32\gdi32full.dll
0x00007ff865440000 - 0x00007ff8654dd000 	C:\Windows\System32\msvcp_win.dll
0x00007ff8317a0000 - 0x00007ff8317bb000 	C:\Program Files\JetBrains\JetBrains Rider 2023.1.3\jbr\bin\VCRUNTIME140.dll
0x00007ff851780000 - 0x00007ff851a1a000 	C:\Windows\WinSxS\amd64_microsoft.windows.common-controls_6595b64144ccf1df_6.0.19041.1110_none_60b5254171f9507e\COMCTL32.dll
0x00007ff8664f0000 - 0x00007ff86658e000 	C:\Windows\System32\msvcrt.dll
0x00007ff8662d0000 - 0x00007ff866300000 	C:\Windows\System32\IMM32.DLL
0x00007ff850fe0000 - 0x00007ff850fec000 	C:\Program Files\JetBrains\JetBrains Rider 2023.1.3\jbr\bin\vcruntime140_1.dll
0x00007ff8301b0000 - 0x00007ff83023d000 	C:\Program Files\JetBrains\JetBrains Rider 2023.1.3\jbr\bin\msvcp140.dll
0x00007ff841b60000 - 0x00007ff8427ce000 	C:\Program Files\JetBrains\JetBrains Rider 2023.1.3\jbr\bin\server\jvm.dll
0x00007ff866440000 - 0x00007ff8664ee000 	C:\Windows\System32\ADVAPI32.dll
0x00007ff866dc0000 - 0x00007ff866e5c000 	C:\Windows\System32\sechost.dll
0x00007ff865800000 - 0x00007ff865926000 	C:\Windows\System32\RPCRT4.dll
0x00007ff84df20000 - 0x00007ff84df47000 	C:\Windows\SYSTEM32\WINMM.dll
0x00007ff8626b0000 - 0x00007ff8626b9000 	C:\Windows\SYSTEM32\WSOCK32.dll
0x00007ff866bd0000 - 0x00007ff866c3b000 	C:\Windows\System32\WS2_32.dll
0x00007ff85d140000 - 0x00007ff85d14a000 	C:\Windows\SYSTEM32\VERSION.dll
0x00007ff862d20000 - 0x00007ff862d32000 	C:\Windows\SYSTEM32\kernel.appcore.dll
0x00007ff860850000 - 0x00007ff86085a000 	C:\Program Files\JetBrains\JetBrains Rider 2023.1.3\jbr\bin\jimage.dll
0x00007ff85b8b0000 - 0x00007ff85ba94000 	C:\Windows\SYSTEM32\DBGHELP.DLL
0x00007ff85b6f0000 - 0x00007ff85b724000 	C:\Windows\SYSTEM32\dbgcore.DLL
0x00007ff865290000 - 0x00007ff865312000 	C:\Windows\System32\bcryptPrimitives.dll
0x00007ff85fa60000 - 0x00007ff85fa85000 	C:\Program Files\JetBrains\JetBrains Rider 2023.1.3\jbr\bin\java.dll
0x00007ff85d660000 - 0x00007ff85d678000 	C:\Program Files\JetBrains\JetBrains Rider 2023.1.3\jbr\bin\zip.dll
0x00007ff866e60000 - 0x00007ff8675a5000 	C:\Windows\System32\SHELL32.dll
0x00007ff862f20000 - 0x00007ff8636bb000 	C:\Windows\SYSTEM32\windows.storage.dll
0x00007ff866590000 - 0x00007ff8668e4000 	C:\Windows\System32\combase.dll
0x00007ff8647e0000 - 0x00007ff86480e000 	C:\Windows\SYSTEM32\Wldp.dll
0x00007ff866c60000 - 0x00007ff866d0d000 	C:\Windows\System32\SHCORE.dll
0x00007ff8669e0000 - 0x00007ff866a35000 	C:\Windows\System32\shlwapi.dll
0x00007ff864da0000 - 0x00007ff864dc5000 	C:\Windows\SYSTEM32\profapi.dll

dbghelp: loaded successfully - version: 4.0.5 - missing functions: none
symbol engine: initialized successfully - sym options: 0x614 - pdb path: .;C:\Program Files\JetBrains\JetBrains Rider 2023.1.3\jbr\bin;C:\Windows\SYSTEM32;C:\Windows\WinSxS\amd64_microsoft.windows.common-controls_6595b64144ccf1df_6.0.19041.1110_none_60b5254171f9507e;C:\Program Files\JetBrains\JetBrains Rider 2023.1.3\jbr\bin\server

VM Arguments:
java_command: git4idea.http.GitAskPassApp Username for 'https://github.com': 
java_class_path (initial): C:/Program Files/JetBrains/JetBrains Rider 2023.1.3/plugins/vcs-git/lib/git4idea-rt.jar;C:/Program Files/JetBrains/JetBrains Rider 2023.1.3/lib/externalProcess-rt.jar
Launcher Type: SUN_STANDARD

[Global flags]
     intx CICompilerCount                          = 2                                         {product} {ergonomic}
     uint ConcGCThreads                            = 1                                         {product} {ergonomic}
     uint G1ConcRefinementThreads                  = 2                                         {product} {ergonomic}
   size_t G1HeapRegionSize                         = 1048576                                   {product} {ergonomic}
    uintx GCDrainStackTargetSize                   = 64                                        {product} {ergonomic}
   size_t InitialHeapSize                          = 67108864                                  {product} {ergonomic}
   size_t MarkStackSize                            = 4194304                                   {product} {ergonomic}
   size_t MaxHeapSize                              = 1052770304                                {product} {ergonomic}
   size_t MaxNewSize                               = 631242752                                 {product} {ergonomic}
   size_t MinHeapDeltaBytes                        = 1048576                                   {product} {ergonomic}
   size_t MinHeapSize                              = 8388608                                   {product} {ergonomic}
    uintx NonNMethodCodeHeapSize                   = 5826188                                {pd product} {ergonomic}
    uintx NonProfiledCodeHeapSize                  = 122916026                              {pd product} {ergonomic}
    uintx ProfiledCodeHeapSize                     = 122916026                              {pd product} {ergonomic}
    uintx ReservedCodeCacheSize                    = 251658240                              {pd product} {ergonomic}
     bool SegmentedCodeCache                       = true                                      {product} {ergonomic}
   size_t SoftMaxHeapSize                          = 1052770304                             {manageable} {ergonomic}
     bool UseCompressedClassPointers               = true                           {product lp64_product} {ergonomic}
     bool UseCompressedOops                        = true                           {product lp64_product} {ergonomic}
     bool UseG1GC                                  = true                                      {product} {ergonomic}
     bool UseLargePagesIndividualAllocation        = false                                  {pd product} {ergonomic}

Logging:
Log output configuration:
 #0: stdout all=warning uptime,level,tags
 #1: stderr all=off uptime,level,tags

Environment Variables:
PATH=C:/Program Files/Git/mingw64/libexec/git-core;C:/Program Files/Git/mingw64/libexec/git-core;C:\Program Files\Git\mingw64\bin;C:\Program Files\Git\usr\bin;C:\Users\Артем\bin;C:\Windows\system32;C:\Windows;C:\Windows\System32\Wbem;C:\Windows\System32\WindowsPowerShell\v1.0\;C:\Windows\System32\OpenSSH\;C:\Program Files\dotnet\;C:\Program Files\Git\cmd;C:\Program Files (x86)\Microsoft SQL Server\160\Tools\Binn\;C:\Program Files\Microsoft SQL Server\160\Tools\Binn\;C:\Program Files\Microsoft SQL Server\Client SDK\ODBC\170\Tools\Binn\;C:\Program Files\Microsoft SQL Server\160\DTS\Binn\;C:\Program Files (x86)\Microsoft SQL Server\160\DTS\Binn\;C:\Program Files\Azure Data Studio\bin;C:\Program Files\Go\bin;C:\Program Files\Filestar;C:\ProgramData\Filestar\aliases;C:\Users\Артем\AppData\Local\Microsoft\WindowsApps;C:\Users\Артем\.dotnet\tools;C:\Program Files\Azure Data Studio\bin;C:\Users\Артем\go\bin;C:\Users\Артем\AppData\Local\Programs\Microsoft VS Code\bin
USERNAME=Артем
DISPLAY=:0.0
LC_ALL=en_US.UTF-8
TERM=xterm-256color
TMPDIR=C:\Users\328F~1\AppData\Local\Temp
OS=Windows_NT
PROCESSOR_IDENTIFIER=Intel64 Family 6 Model 42 Stepping 7, GenuineIntel
TMP=C:\Users\328F~1\AppData\Local\Temp
TEMP=C:\Users\328F~1\AppData\Local\Temp


JNI global refs:
JNI global refs: 4, weak refs: 0

JNI global refs memory usage: 843, weak refs: 209


---------------  S Y S T E M  ---------------

OS:
 Windows 10 , 64 bit Build 19041 (10.0.19041.3393)
OS uptime: 4 days 4:27 hours

CPU: total 2 (initial active 2) (2 cores per cpu, 1 threads per core) family 6 model 42 stepping 7 microcode 0x2f, cx8, cmov, fxsr, mmx, sse, sse2, sse3, ssse3, sse4.1, sse4.2, popcnt, tsc, tscinvbit, clmul, clflush

Memory: 4k page, system-wide physical 4013M (476M free)
TotalPageFile size 7037M (AvailPageFile size 3M)
current process WorkingSet (physical memory assigned to process): 27M, peak: 27M
current process commit charge ("private bytes"): 122M, peak: 122M

vm_info: OpenJDK 64-Bit Server VM (17.0.7+10-b829.16) for windows-amd64 JRE (17.0.7+10-b829.16), built on 2023-06-02 by "builduser" with MS VC++ 16.10 / 16.11 (VS2019)

END.
