#
# There is insufficient memory for the Java Runtime Environment to continue.
# Native memory allocation (mmap) failed to map 67108864 bytes for G1 virtual space
# Possible reasons:
#   The system is out of physical RAM or swap space
#   The process is running with CompressedOops enabled, and the Java Heap may be blocking the growth of the native heap
# Possible solutions:
#   Reduce memory load on the system
#   Increase physical memory or swap space
#   Check if swap backing store is full
#   Decrease Java heap size (-Xmx/-Xms)
#   Decrease number of Java threads
#   Decrease Java thread stack sizes (-Xss)
#   Set larger code cache with -XX:ReservedCodeCacheSize=
#   JVM is running with Unscaled Compressed Oops mode in which the Java heap is
#     placed in the first 4GB address space. The Java Heap base address is the
#     maximum limit for the native heap growth. Please use -XX:HeapBaseMinAddress
#     to set the Java Heap base and to place the Java Heap above 4GB virtual address.
# This output file may be truncated or incomplete.
#
#  Out of Memory Error (os_windows.cpp:3771), pid=8032, tid=9400
#
# JRE version:  (17.0.7+10) (build )
# Java VM: OpenJDK 64-Bit Server VM (17.0.7+10-b829.16, mixed mode, sharing, tiered, compressed oops, compressed class ptrs, g1 gc, windows-amd64)
# No core dump will be written. Minidumps are not enabled by default on client versions of Windows
#

---------------  S U M M A R Y ------------

Command Line: git4idea.http.GitAskPassApp Username for 'https://github.com': 

Host: Intel(R) Pentium(R) CPU G630 @ 2.70GHz, 2 cores, 3G,  Windows 10 , 64 bit Build 19041 (10.0.19041.3393)
Time: Tue Oct 10 17:55:25 2023 RTZ 2 (s 10 , 64 bit Build 19041 (10.0.19041.3393) elapsed time: 0.011820 seconds (0d 0h 0m 0s)

---------------  T H R E A D  ---------------

Current thread (0x000001fc2644b220):  JavaThread "Unknown thread" [_thread_in_vm, id=9400, stack(0x0000007620700000,0x0000007620800000)]

Stack: [0x0000007620700000,0x0000007620800000]
Native frames: (J=compiled Java code, j=interpreted, Vv=VM code, C=native code)
V  [jvm.dll+0x683cca]
V  [jvm.dll+0x8424b4]
V  [jvm.dll+0x843cae]
V  [jvm.dll+0x844313]
V  [jvm.dll+0x24ad2f]
V  [jvm.dll+0x680b99]
V  [jvm.dll+0x67526a]
V  [jvm.dll+0x30b3cb]
V  [jvm.dll+0x312876]
V  [jvm.dll+0x36221e]
V  [jvm.dll+0x36244f]
V  [jvm.dll+0x2e14a8]
V  [jvm.dll+0x2e2414]
V  [jvm.dll+0x814441]
V  [jvm.dll+0x36ffe1]
V  [jvm.dll+0x7f3a1c]
V  [jvm.dll+0x3f305f]
V  [jvm.dll+0x3f4b91]
C  [jli.dll+0x528f]
C  [ucrtbase.dll+0x21bb2]
C  [KERNEL32.DLL+0x17344]
C  [ntdll.dll+0x526b1]


---------------  P R O C E S S  ---------------

Threads class SMR info:
_java_thread_list=0x00007ff84269b098, length=0, elements={
}

Java Threads: ( => current thread )

Other Threads:
  0x000001fc26487100 GCTaskThread "GC Thread#0" [stack: 0x0000007620800000,0x0000007620900000] [id=5392]
  0x000001fc2648fdc0 ConcurrentGCThread "G1 Main Marker" [stack: 0x0000007620900000,0x0000007620a00000] [id=8412]
  0x000001fc26490f70 ConcurrentGCThread "G1 Conc#0" [stack: 0x0000007620a00000,0x0000007620b00000] [id=6532]

[error occurred during error reporting (printing all threads), id 0xc0000005, EXCEPTION_ACCESS_VIOLATION (0xc0000005) at pc=0x00007ff841e52087]

VM state: not at safepoint (not fully initialized)

VM Mutex/Monitor currently owned by a thread:  ([mutex/lock_event])
[0x000001fc26443df0] Heap_lock - owner thread: 0x000001fc2644b220

Heap address: 0x00000000c1400000, size: 1004 MB, Compressed Oops mode: 32-bit

CDS archive(s) mapped at: [0x0000000000000000-0x0000000000000000-0x0000000000000000), size 0, SharedBaseAddress: 0x0000000800000000, ArchiveRelocationMode: 0.
Narrow klass base: 0x0000000000000000, Narrow klass shift: 0, Narrow klass range: 0x0

GC Precious Log:
<Empty>

Heap:
 garbage-first heap   total 0K, used 0K [0x00000000c1400000, 0x0000000100000000)
  region size 1024K, 0 young (0K), 0 survivors (0K)

[error occurred during error reporting (printing heap information), id 0xc0000005, EXCEPTION_ACCESS_VIOLATION (0xc0000005) at pc=0x00007ff84223df59]

GC Heap History (0 events):
No events

Dll operation events (1 events):
Event: 0.007 Loaded shared library C:\Program Files\JetBrains\JetBrains Rider 2023.1.3\jbr\bin\java.dll

Deoptimization events (0 events):
No events

Classes unloaded (0 events):
No events

Classes redefined (0 events):
No events

Internal exceptions (0 events):
No events

VM Operations (0 events):
No events

Events (0 events):
No events


Dynamic libraries:
0x00007ff70b3a0000 - 0x00007ff70b3aa000 	C:\Program Files\JetBrains\JetBrains Rider 2023.1.3\jbr\bin\java.exe
0x00007ff867790000 - 0x00007ff867988000 	C:\Windows\SYSTEM32\ntdll.dll
0x00007ff8668f0000 - 0x00007ff8669ad000 	C:\Windows\System32\KERNEL32.DLL
0x00007ff864e70000 - 0x00007ff865166000 	C:\Windows\System32\KERNELBASE.dll
0x00007ff8656a0000 - 0x00007ff8657a0000 	C:\Windows\System32\ucrtbase.dll
0x00007ff85d8b0000 - 0x00007ff85d8c7000 	C:\Program Files\JetBrains\JetBrains Rider 2023.1.3\jbr\bin\jli.dll
0x00007ff832950000 - 0x00007ff83296b000 	C:\Program Files\JetBrains\JetBrains Rider 2023.1.3\jbr\bin\VCRUNTIME140.dll
0x00007ff8675b0000 - 0x00007ff86774e000 	C:\Windows\System32\USER32.dll
0x00007ff851780000 - 0x00007ff851a1a000 	C:\Windows\WinSxS\amd64_microsoft.windows.common-controls_6595b64144ccf1df_6.0.19041.1110_none_60b5254171f9507e\COMCTL32.dll
0x00007ff865510000 - 0x00007ff865532000 	C:\Windows\System32\win32u.dll
0x00007ff8664f0000 - 0x00007ff86658e000 	C:\Windows\System32\msvcrt.dll
0x00007ff8669b0000 - 0x00007ff8669dc000 	C:\Windows\System32\GDI32.dll
0x00007ff865170000 - 0x00007ff86528a000 	C:\Windows\System32\gdi32full.dll
0x00007ff865440000 - 0x00007ff8654dd000 	C:\Windows\System32\msvcp_win.dll
0x00007ff8662d0000 - 0x00007ff866300000 	C:\Windows\System32\IMM32.DLL
0x00007ff857c90000 - 0x00007ff857c9c000 	C:\Program Files\JetBrains\JetBrains Rider 2023.1.3\jbr\bin\vcruntime140_1.dll
0x00007ff82fa80000 - 0x00007ff82fb0d000 	C:\Program Files\JetBrains\JetBrains Rider 2023.1.3\jbr\bin\msvcp140.dll
0x00007ff841b60000 - 0x00007ff8427ce000 	C:\Program Files\JetBrains\JetBrains Rider 2023.1.3\jbr\bin\server\jvm.dll
0x00007ff866440000 - 0x00007ff8664ee000 	C:\Windows\System32\ADVAPI32.dll
0x00007ff866dc0000 - 0x00007ff866e5c000 	C:\Windows\System32\sechost.dll
0x00007ff865800000 - 0x00007ff865926000 	C:\Windows\System32\RPCRT4.dll
0x00007ff84df20000 - 0x00007ff84df47000 	C:\Windows\SYSTEM32\WINMM.dll
0x00007ff8626b0000 - 0x00007ff8626b9000 	C:\Windows\SYSTEM32\WSOCK32.dll
0x00007ff866bd0000 - 0x00007ff866c3b000 	C:\Windows\System32\WS2_32.dll
0x00007ff85d140000 - 0x00007ff85d14a000 	C:\Windows\SYSTEM32\VERSION.dll
0x00007ff862d20000 - 0x00007ff862d32000 	C:\Windows\SYSTEM32\kernel.appcore.dll
0x00007ff860850000 - 0x00007ff86085a000 	C:\Program Files\JetBrains\JetBrains Rider 2023.1.3\jbr\bin\jimage.dll
0x00007ff85b8b0000 - 0x00007ff85ba94000 	C:\Windows\SYSTEM32\DBGHELP.DLL
0x00007ff85b6f0000 - 0x00007ff85b724000 	C:\Windows\SYSTEM32\dbgcore.DLL
0x00007ff865290000 - 0x00007ff865312000 	C:\Windows\System32\bcryptPrimitives.dll
0x00007ff85fa60000 - 0x00007ff85fa85000 	C:\Program Files\JetBrains\JetBrains Rider 2023.1.3\jbr\bin\java.dll

dbghelp: loaded successfully - version: 4.0.5 - missing functions: none
symbol engine: initialized successfully - sym options: 0x614 - pdb path: .;C:\Program Files\JetBrains\JetBrains Rider 2023.1.3\jbr\bin;C:\Windows\SYSTEM32;C:\Windows\WinSxS\amd64_microsoft.windows.common-controls_6595b64144ccf1df_6.0.19041.1110_none_60b5254171f9507e;C:\Program Files\JetBrains\JetBrains Rider 2023.1.3\jbr\bin\server

VM Arguments:
java_command: git4idea.http.GitAskPassApp Username for 'https://github.com': 
java_class_path (initial): C:/Program Files/JetBrains/JetBrains Rider 2023.1.3/plugins/vcs-git/lib/git4idea-rt.jar;C:/Program Files/JetBrains/JetBrains Rider 2023.1.3/lib/externalProcess-rt.jar
Launcher Type: SUN_STANDARD

[Global flags]
     intx CICompilerCount                          = 2                                         {product} {ergonomic}
     uint ConcGCThreads                            = 1                                         {product} {ergonomic}
     uint G1ConcRefinementThreads                  = 2                                         {product} {ergonomic}
   size_t G1HeapRegionSize                         = 1048576                                   {product} {ergonomic}
    uintx GCDrainStackTargetSize                   = 64                                        {product} {ergonomic}
   size_t InitialHeapSize                          = 67108864                                  {product} {ergonomic}
   size_t MarkStackSize                            = 4194304                                   {product} {ergonomic}
   size_t MaxHeapSize                              = 1052770304                                {product} {ergonomic}
   size_t MinHeapDeltaBytes                        = 1048576                                   {product} {ergonomic}
   size_t MinHeapSize                              = 8388608                                   {product} {ergonomic}
    uintx NonNMethodCodeHeapSize                   = 5826188                                {pd product} {ergonomic}
    uintx NonProfiledCodeHeapSize                  = 122916026                              {pd product} {ergonomic}
    uintx ProfiledCodeHeapSize                     = 122916026                              {pd product} {ergonomic}
    uintx ReservedCodeCacheSize                    = 251658240                              {pd product} {ergonomic}
     bool SegmentedCodeCache                       = true                                      {product} {ergonomic}
   size_t SoftMaxHeapSize                          = 1052770304                             {manageable} {ergonomic}
     bool UseCompressedClassPointers               = true                           {product lp64_product} {ergonomic}
     bool UseCompressedOops                        = true                           {product lp64_product} {ergonomic}
     bool UseG1GC                                  = true                                      {product} {ergonomic}
     bool UseLargePagesIndividualAllocation        = false                                  {pd product} {ergonomic}

Logging:
Log output configuration:
 #0: stdout all=warning uptime,level,tags
 #1: stderr all=off uptime,level,tags

Environment Variables:
PATH=C:/Program Files/Git/mingw64/libexec/git-core;C:/Program Files/Git/mingw64/libexec/git-core;C:\Program Files\Git\mingw64\bin;C:\Program Files\Git\usr\bin;C:\Users\Артем\bin;C:\Windows\system32;C:\Windows;C:\Windows\System32\Wbem;C:\Windows\System32\WindowsPowerShell\v1.0\;C:\Windows\System32\OpenSSH\;C:\Program Files\dotnet\;C:\Program Files\Git\cmd;C:\Program Files (x86)\Microsoft SQL Server\160\Tools\Binn\;C:\Program Files\Microsoft SQL Server\160\Tools\Binn\;C:\Program Files\Microsoft SQL Server\Client SDK\ODBC\170\Tools\Binn\;C:\Program Files\Microsoft SQL Server\160\DTS\Binn\;C:\Program Files (x86)\Microsoft SQL Server\160\DTS\Binn\;C:\Program Files\Azure Data Studio\bin;C:\Program Files\Go\bin;C:\Program Files\Filestar;C:\ProgramData\Filestar\aliases;C:\Users\Артем\AppData\Local\Microsoft\WindowsApps;C:\Users\Артем\.dotnet\tools;C:\Program Files\Azure Data Studio\bin;C:\Users\Артем\go\bin;C:\Users\Артем\AppData\Local\Programs\Microsoft VS Code\bin
USERNAME=Артем
DISPLAY=:0.0
LC_ALL=en_US.UTF-8
TERM=xterm-256color
TMPDIR=C:\Users\328F~1\AppData\Local\Temp
OS=Windows_NT
PROCESSOR_IDENTIFIER=Intel64 Family 6 Model 42 Stepping 7, GenuineIntel
TMP=C:\Users\328F~1\AppData\Local\Temp
TEMP=C:\Users\328F~1\AppData\Local\Temp


JNI global refs:

[error occurred during error reporting (JNI global references), id 0xc0000005, EXCEPTION_ACCESS_VIOLATION (0xc0000005) at pc=0x00007ff841c17fc0]


---------------  S Y S T E M  ---------------

OS:
 Windows 10 , 64 bit Build 19041 (10.0.19041.3393)
OS uptime: 4 days 4:29 hours

CPU: total 2 (initial active 2) (2 cores per cpu, 1 threads per core) family 6 model 42 stepping 7 microcode 0x2f, cx8, cmov, fxsr, mmx, sse, sse2, sse3, ssse3, sse4.1, sse4.2, popcnt, tsc, tscinvbit, clmul, clflush

Memory: 4k page, system-wide physical 4013M (454M free)
TotalPageFile size 7037M (AvailPageFile size 68M)
current process WorkingSet (physical memory assigned to process): 9M, peak: 9M
current process commit charge ("private bytes"): 47M, peak: 111M

vm_info: OpenJDK 64-Bit Server VM (17.0.7+10-b829.16) for windows-amd64 JRE (17.0.7+10-b829.16), built on 2023-06-02 by "builduser" with MS VC++ 16.10 / 16.11 (VS2019)

END.
